  [1m[36m (1.4ms)[0m  [1mCREATE TABLE "schema_migrations" ("version" varchar NOT NULL) [0m
  [1m[35m (0.1ms)[0m  select sqlite_version(*)
  [1m[36m (1.1ms)[0m  [1mCREATE UNIQUE INDEX "unique_schema_migrations" ON "schema_migrations" ("version")[0m
  [1m[35mActiveRecord::SchemaMigration Load (0.1ms)[0m  SELECT "schema_migrations".* FROM "schema_migrations"


Started GET "/" for ::1 at 2015-11-16 16:12:00 -0600
Processing by Rails::WelcomeController#index as HTML
  Rendered /Users/admin/.rvm/gems/ruby-2.1.2/gems/railties-4.2.3/lib/rails/templates/rails/welcome/index.html.erb (1.9ms)
Completed 200 OK in 48ms (Views: 36.7ms | ActiveRecord: 0.0ms)


Started GET "/welcome" for ::1 at 2018-07-19 22:57:02 -0400

ActionController::RoutingError (No route matches [GET] "/welcome"):
  .bundle/gems/actionpack-4.2.10/lib/action_dispatch/middleware/debug_exceptions.rb:21:in `call'
  .bundle/gems/actionpack-4.2.10/lib/action_dispatch/middleware/show_exceptions.rb:30:in `call'
  .bundle/gems/railties-4.2.10/lib/rails/rack/logger.rb:38:in `call_app'
  .bundle/gems/railties-4.2.10/lib/rails/rack/logger.rb:20:in `block in call'
  .bundle/gems/activesupport-4.2.10/lib/active_support/tagged_logging.rb:68:in `block in tagged'
  .bundle/gems/activesupport-4.2.10/lib/active_support/tagged_logging.rb:26:in `tagged'
  .bundle/gems/activesupport-4.2.10/lib/active_support/tagged_logging.rb:68:in `tagged'
  .bundle/gems/railties-4.2.10/lib/rails/rack/logger.rb:20:in `call'
  .bundle/gems/actionpack-4.2.10/lib/action_dispatch/middleware/request_id.rb:21:in `call'
  .bundle/gems/rack-1.6.10/lib/rack/methodoverride.rb:22:in `call'
  .bundle/gems/rack-1.6.10/lib/rack/runtime.rb:18:in `call'
  .bundle/gems/activesupport-4.2.10/lib/active_support/cache/strategy/local_cache_middleware.rb:28:in `call'
  .bundle/gems/rack-1.6.10/lib/rack/lock.rb:17:in `call'
  .bundle/gems/actionpack-4.2.10/lib/action_dispatch/middleware/static.rb:120:in `call'
  .bundle/gems/rack-1.6.10/lib/rack/sendfile.rb:113:in `call'
  .bundle/gems/railties-4.2.10/lib/rails/engine.rb:518:in `call'
  .bundle/gems/railties-4.2.10/lib/rails/application.rb:165:in `call'
  .bundle/gems/rack-1.6.10/lib/rack/lock.rb:17:in `call'
  .bundle/gems/rack-1.6.10/lib/rack/content_length.rb:15:in `call'
  .bundle/gems/rack-1.6.10/lib/rack/handler/webrick.rb:88:in `service'
  /Users/YY/.rvm/rubies/ruby-2.5.0/lib/ruby/2.5.0/webrick/httpserver.rb:140:in `service'
  /Users/YY/.rvm/rubies/ruby-2.5.0/lib/ruby/2.5.0/webrick/httpserver.rb:96:in `run'
  /Users/YY/.rvm/rubies/ruby-2.5.0/lib/ruby/2.5.0/webrick/server.rb:307:in `block in start_thread'


  Rendered .bundle/gems/actionpack-4.2.10/lib/action_dispatch/middleware/templates/rescues/_trace.html.erb (1.3ms)
  Rendered .bundle/gems/actionpack-4.2.10/lib/action_dispatch/middleware/templates/routes/_table.html.erb (8.8ms)
  Rendered .bundle/gems/actionpack-4.2.10/lib/action_dispatch/middleware/templates/rescues/_request_and_response.html.erb (14.6ms)
  Rendered .bundle/gems/actionpack-4.2.10/lib/action_dispatch/middleware/templates/rescues/routing_error.html.erb within rescues/layout (124.5ms)


Started GET "/welcome" for ::1 at 2018-07-19 23:02:06 -0400
Processing by StaticController#some_page as HTML
  Rendered static/some_page.erb within layouts/application (0.4ms)
Completed 200 OK in 472ms (Views: 471.3ms | ActiveRecord: 0.0ms)


Started GET "/assets/application.self-e80e8f2318043e8af94dddc2adad5a4f09739a8ebb323b3ab31cd71d45fd9113.css?body=1" for ::1 at 2018-07-19 23:02:06 -0400


Started GET "/assets/jquery.self-bd7ddd393353a8d2480a622e80342adf488fb6006d667e8b42e4c0073393abee.js?body=1" for ::1 at 2018-07-19 23:02:06 -0400


Started GET "/assets/jquery_ujs.self-784a997f6726036b1993eb2217c9cb558e1cbb801c6da88105588c56f13b466a.js?body=1" for ::1 at 2018-07-19 23:02:06 -0400


Started GET "/assets/application.self-3b8dabdc891efe46b9a144b400ad69e37d7e5876bdc39dee783419a69d7ca819.js?body=1" for ::1 at 2018-07-19 23:02:06 -0400
